-------------------------------------------------------------------------------
Test set: SearchExportedFromIDETest
-------------------------------------------------------------------------------
Tests run: 1, Failures: 1, Errors: 0, Skipped: 0, Time elapsed: 0.006 sec <<< FAILURE!
SearchExportedFromIDETest.testSearchExportedFromIDE()  Time elapsed: 0.003 sec  <<< FAILURE!
java.lang.NullPointerException
	at SearchExportedFromIDETest.testSearchExportedFromIDE(SearchExportedFromIDETest.java:30)

